<?xml version="1.0" encoding="UTF-8"?>
<!-- Generated by org.testng.reporters.JUnitXMLReporter -->
<testsuite ignored="1" hostname="NX00557" failures="0" tests="2" name="Test" time="0.147" errors="0" timestamp="2024-04-16T20:32:54 PKT">
  <testcase classname="Task6.task6.Linkedin_Login_test" name="@BeforeTest Login" time="0.028">
    <failure type="java.lang.NullPointerException" message="Cannot invoke &amp;quot;org.openqa.selenium.WebDriver.findElement(org.openqa.selenium.By)&amp;quot; because &amp;quot;this.driver&amp;quot; is null">
      <![CDATA[java.lang.NullPointerException: Cannot invoke "org.openqa.selenium.WebDriver.findElement(org.openqa.selenium.By)" because "this.driver" is null
at pages.LinkedinLoginObjects.setTextInUsername(LinkedinLoginObjects.java:19)
at Task6.task6.Linkedin_Login_test.Login(Linkedin_Login_test.java:39)
... Removed 22 stack frames]]>
    </failure>
  </testcase> <!-- @BeforeTest Login -->
  <testcase classname="Task6.task6.Linkedin_Login_test" name="@BeforeClass driver_exe" time="0.0">
    <skipped/>
  </testcase> <!-- @BeforeClass driver_exe -->
  <testcase classname="Task6.task6.Linkedin_Login_test" name="@AfterClass driver_exit" time="0.0">
    <skipped/>
  </testcase> <!-- @AfterClass driver_exit -->
  <testcase classname="Task6.task6.Linkedin_Login_test" name="@BeforeClass driver_exe" time="0.0">
    <skipped/>
  </testcase> <!-- @BeforeClass driver_exe -->
  <testcase classname="Task6.task6.Linkedin_Login_test" name="@AfterClass driver_exit" time="0.0">
    <skipped/>
  </testcase> <!-- @AfterClass driver_exit -->
  <testcase classname="Task6.task6.linked_in_upload_profile_image" name="upload_Profile_Image" time="0.001">
    <skipped/>
  </testcase> <!-- upload_Profile_Image -->
  <testcase classname="Task6.task6.linkedin_logout" name="linked_logout_f" time="0.0">
    <skipped/>
  </testcase> <!-- linked_logout_f -->
  <testcase classname="Task6.task6.Linkedin_Login_test" name="@BeforeTest Login" time="0.0">
    <ignored/>
  </testcase> <!-- @BeforeTest Login -->
</testsuite> <!-- Test -->
